Added Component: Designator=C1(R/C_0805)
Added Component: Designator=C2(C_D300)
Added Component: Designator=C3(C_D300)
Added Component: Designator=C4(R/C_0805)
Added Component: Designator=C5(R/C_0805)
Added Component: Designator=C6(R/C_0805)
Added Component: Designator=C7(R/C_0805)
Added Component: Designator=C8(C_D300)
Added Component: Designator=C9(C_D300)
Added Component: Designator=C10(R/C_0805)
Added Component: Designator=C11(R/C_0805)
Added Component: Designator=C12(C_D300)
Added Component: Designator=D1(Diode_1A)
Added Component: Designator=D2(Diode_1A)
Added Component: Designator=D3(LED_SMD (0805))
Added Component: Designator=D4(LED_SMD (0805))
Added Component: Designator=J1(CON-P1_2_(-))
Added Component: Designator=J2(CON-P1_2_(-))
Added Component: Designator=J3(CON-P1_2_(-))
Added Component: Designator=J4(CON-P1_2_(-))
Added Component: Designator=J5(CON-P1_2_(-))
Added Component: Designator=L1(Cuon_cam(100mH))
Added Component: Designator=L2(Cuon_cam(100mH))
Added Component: Designator=P1(DIP6_300)
Added Component: Designator=P2(CON-Trang1_4)
Added Component: Designator=Q1(C1815/C945)
Added Component: Designator=Q2(D718)
Added Component: Designator=R1(R/C_0805)
Added Component: Designator=R2(R/C_0805)
Added Component: Designator=R3(R/C_0805)
Added Component: Designator=R4(R/C_0805)
Added Component: Designator=R5(R/C_0805)
Added Component: Designator=R6(R/C_0805)
Added Component: Designator=R7(R/C_0805)
Added Component: Designator=R8(R/C_0805)
Added Component: Designator=R9(R/C_0805)
Added Component: Designator=R10(R/C_0805)
Added Component: Designator=Relay1(RL5P_12V7A)
Added Component: Designator=U1(LM2576)
Added Component: Designator=U2(Dip36(9x4))
Added Component: Designator=U3(DS1307)
Added Component: Designator=U4(AMS1117_(SOT_223))
Added Component: Designator=U5(LM2576)
Added Component: Designator=VR1(VR_3)
Added Pin To Net: NetName=FB_1 Pin=U1-4
Added Pin To Net: NetName=FB_1 Pin=VR1-2
Added Net: Name=FB_1
Added Pin To Net: NetName=GND Pin=C1-2
Added Pin To Net: NetName=GND Pin=C2-2
Added Pin To Net: NetName=GND Pin=C3-2
Added Pin To Net: NetName=GND Pin=C4-2
Added Pin To Net: NetName=GND Pin=C5-2
Added Pin To Net: NetName=GND Pin=C6-2
Added Pin To Net: NetName=GND Pin=C7-2
Added Pin To Net: NetName=GND Pin=C8-2
Added Pin To Net: NetName=GND Pin=C9-2
Added Pin To Net: NetName=GND Pin=C10-2
Added Pin To Net: NetName=GND Pin=C11-2
Added Pin To Net: NetName=GND Pin=C12-2
Added Pin To Net: NetName=GND Pin=D1-1
Added Pin To Net: NetName=GND Pin=D2-1
Added Pin To Net: NetName=GND Pin=D3-2
Added Pin To Net: NetName=GND Pin=D4-2
Added Pin To Net: NetName=GND Pin=J1-2
Added Pin To Net: NetName=GND Pin=J5-2
Added Pin To Net: NetName=GND Pin=P1-1
Added Pin To Net: NetName=GND Pin=P1-2
Added Pin To Net: NetName=GND Pin=P1-3
Added Pin To Net: NetName=GND Pin=P2-2
Added Pin To Net: NetName=GND Pin=Q1-1
Added Pin To Net: NetName=GND Pin=Q2-3
Added Pin To Net: NetName=GND Pin=R7-1
Added Pin To Net: NetName=GND Pin=U1-3
Added Pin To Net: NetName=GND Pin=U1-5
Added Pin To Net: NetName=GND Pin=U2-33
Added Pin To Net: NetName=GND Pin=U2-34
Added Pin To Net: NetName=GND Pin=U3-5
Added Pin To Net: NetName=GND Pin=U4-1
Added Pin To Net: NetName=GND Pin=U5-3
Added Pin To Net: NetName=GND Pin=U5-5
Added Pin To Net: NetName=GND Pin=VR1-3
Added Net: Name=GND
Added Pin To Net: NetName=IN1 Pin=P1-6
Added Pin To Net: NetName=IN1 Pin=R1-1
Added Pin To Net: NetName=IN1 Pin=U2-2
Added Net: Name=IN1
Added Pin To Net: NetName=IN2 Pin=P1-5
Added Pin To Net: NetName=IN2 Pin=R2-1
Added Pin To Net: NetName=IN2 Pin=U2-3
Added Net: Name=IN2
Added Pin To Net: NetName=IN3 Pin=P1-4
Added Pin To Net: NetName=IN3 Pin=R3-1
Added Pin To Net: NetName=IN3 Pin=U2-4
Added Net: Name=IN3
Added Pin To Net: NetName=IOUT_1 Pin=U2-5
Added Pin To Net: NetName=IOUT_1 Pin=U3-7
Added Net: Name=IOUT_1
Added Pin To Net: NetName=IOUT_2 Pin=U2-6
Added Net: Name=IOUT_2
Added Pin To Net: NetName=IOUT_3 Pin=U2-7
Added Net: Name=IOUT_3
Added Pin To Net: NetName=IOUT_4 Pin=U2-8
Added Net: Name=IOUT_4
Added Pin To Net: NetName=IOUT_5 Pin=U2-9
Added Net: Name=IOUT_5
Added Pin To Net: NetName=IP+_1 Pin=Relay1-1
Added Pin To Net: NetName=IP+_1 Pin=U3-1
Added Pin To Net: NetName=IP+_1 Pin=U3-2
Added Net: Name=IP+_1
Added Pin To Net: NetName=IP-_1 Pin=J1-1
Added Pin To Net: NetName=IP-_1 Pin=R6-2
Added Pin To Net: NetName=IP-_1 Pin=U3-3
Added Pin To Net: NetName=IP-_1 Pin=U3-4
Added Net: Name=IP-_1
Added Pin To Net: NetName=NAP_1 Pin=R5-1
Added Pin To Net: NetName=NAP_1 Pin=U2-15
Added Net: Name=NAP_1
Added Pin To Net: NetName=NAP_2 Pin=U2-18
Added Net: Name=NAP_2
Added Pin To Net: NetName=NAP_3 Pin=U2-19
Added Net: Name=NAP_3
Added Pin To Net: NetName=NAP_4 Pin=U2-20
Added Net: Name=NAP_4
Added Pin To Net: NetName=NAP_5 Pin=U2-21
Added Net: Name=NAP_5
Added Pin To Net: NetName=NetC6_1 Pin=C6-1
Added Pin To Net: NetName=NetC6_1 Pin=U3-6
Added Net: Name=NetC6_1
Added Pin To Net: NetName=NetD1_2 Pin=D1-2
Added Pin To Net: NetName=NetD1_2 Pin=L1-1
Added Pin To Net: NetName=NetD1_2 Pin=U1-2
Added Net: Name=NetD1_2
Added Pin To Net: NetName=NetD2_2 Pin=D2-2
Added Pin To Net: NetName=NetD2_2 Pin=L2-1
Added Pin To Net: NetName=NetD2_2 Pin=U5-2
Added Net: Name=NetD2_2
Added Pin To Net: NetName=NetD3_1 Pin=D3-1
Added Pin To Net: NetName=NetD3_1 Pin=R9-2
Added Net: Name=NetD3_1
Added Pin To Net: NetName=NetD4_1 Pin=D4-1
Added Pin To Net: NetName=NetD4_1 Pin=R10-2
Added Net: Name=NetD4_1
Added Pin To Net: NetName=NetJ2_1 Pin=J2-1
Added Pin To Net: NetName=NetJ2_1 Pin=Q2-2
Added Net: Name=NetJ2_1
Added Pin To Net: NetName=NetQ1_2 Pin=Q1-2
Added Pin To Net: NetName=NetQ1_2 Pin=R4-1
Added Net: Name=NetQ1_2
Added Pin To Net: NetName=NetQ1_3 Pin=Q1-3
Added Pin To Net: NetName=NetQ1_3 Pin=R5-2
Added Net: Name=NetQ1_3
Added Pin To Net: NetName=NetQ2_1 Pin=Q2-1
Added Pin To Net: NetName=NetQ2_1 Pin=R8-2
Added Net: Name=NetQ2_1
Added Pin To Net: NetName=NetR4_2 Pin=R4-2
Added Pin To Net: NetName=NetR4_2 Pin=Relay1-5
Added Net: Name=NetR4_2
Added Pin To Net: NetName=RIS_1 Pin=Relay1-2
Added Net: Name=RIS_1
Added Pin To Net: NetName=RIS_2 Pin=J2-2
Added Net: Name=RIS_2
Added Pin To Net: NetName=RX1 Pin=U2-24
Added Net: Name=RX1
Added Pin To Net: NetName=RX3 Pin=U2-17
Added Net: Name=RX3
Added Pin To Net: NetName=SCL Pin=P2-3
Added Pin To Net: NetName=SCL Pin=U2-28
Added Net: Name=SCL
Added Pin To Net: NetName=SDA Pin=P2-4
Added Pin To Net: NetName=SDA Pin=U2-29
Added Net: Name=SDA
Added Pin To Net: NetName=TX1 Pin=U2-23
Added Net: Name=TX1
Added Pin To Net: NetName=TX3 Pin=U2-16
Added Net: Name=TX3
Added Pin To Net: NetName=VCC-3V3 Pin=C11-1
Added Pin To Net: NetName=VCC-3V3 Pin=C12-1
Added Pin To Net: NetName=VCC-3V3 Pin=R1-2
Added Pin To Net: NetName=VCC-3V3 Pin=R2-2
Added Pin To Net: NetName=VCC-3V3 Pin=R3-2
Added Pin To Net: NetName=VCC-3V3 Pin=R9-1
Added Pin To Net: NetName=VCC-3V3 Pin=U2-35
Added Pin To Net: NetName=VCC-3V3 Pin=U2-36
Added Pin To Net: NetName=VCC-3V3 Pin=U4-2
Added Pin To Net: NetName=VCC-3V3 Pin=U4-2
Added Net: Name=VCC-3V3
Added Pin To Net: NetName=VCC-5V_1 Pin=C3-1
Added Pin To Net: NetName=VCC-5V_1 Pin=C4-1
Added Pin To Net: NetName=VCC-5V_1 Pin=L1-2
Added Pin To Net: NetName=VCC-5V_1 Pin=Relay1-3
Added Pin To Net: NetName=VCC-5V_1 Pin=VR1-1
Added Net: Name=VCC-5V_1
Added Pin To Net: NetName=VCC-5V Pin=C5-1
Added Pin To Net: NetName=VCC-5V Pin=C9-1
Added Pin To Net: NetName=VCC-5V Pin=C10-1
Added Pin To Net: NetName=VCC-5V Pin=L2-2
Added Pin To Net: NetName=VCC-5V Pin=P2-1
Added Pin To Net: NetName=VCC-5V Pin=R10-1
Added Pin To Net: NetName=VCC-5V Pin=Relay1-4
Added Pin To Net: NetName=VCC-5V Pin=U3-8
Added Pin To Net: NetName=VCC-5V Pin=U4-3
Added Pin To Net: NetName=VCC-5V Pin=U5-4
Added Net: Name=VCC-5V
Added Pin To Net: NetName=VCC-12V Pin=C1-1
Added Pin To Net: NetName=VCC-12V Pin=C2-1
Added Pin To Net: NetName=VCC-12V Pin=C7-1
Added Pin To Net: NetName=VCC-12V Pin=C8-1
Added Pin To Net: NetName=VCC-12V Pin=J5-1
Added Pin To Net: NetName=VCC-12V Pin=U1-1
Added Pin To Net: NetName=VCC-12V Pin=U5-1
Added Net: Name=VCC-12V
Added Pin To Net: NetName=VOUT_1 Pin=R6-1
Added Pin To Net: NetName=VOUT_1 Pin=R7-2
Added Pin To Net: NetName=VOUT_1 Pin=U2-10
Added Net: Name=VOUT_1
Added Pin To Net: NetName=VOUT_2 Pin=U2-11
Added Net: Name=VOUT_2
Added Pin To Net: NetName=VOUT_3 Pin=U2-12
Added Net: Name=VOUT_3
Added Pin To Net: NetName=VOUT_4 Pin=U2-13
Added Net: Name=VOUT_4
Added Pin To Net: NetName=VOUT_5 Pin=U2-14
Added Net: Name=VOUT_5
Added Pin To Net: NetName=XA_1 Pin=R8-1
Added Pin To Net: NetName=XA_1 Pin=U2-22
Added Net: Name=XA_1
Added Pin To Net: NetName=XA_2 Pin=U2-25
Added Net: Name=XA_2
Added Pin To Net: NetName=XA_3 Pin=U2-26
Added Net: Name=XA_3
Added Pin To Net: NetName=XA_4 Pin=U2-30
Added Net: Name=XA_4
Added Pin To Net: NetName=XA_5 Pin=U2-31
Added Net: Name=XA_5
Added Class: Name=MachSacXa
Added Room: Name=MachSacXa
