Change Component Designator: Old Designator=C10 New Designator=C1
Change Component Designator: Old Designator=C10 New Designator=C7
Change Component Designator: Old Designator=C11 New Designator=C2
Change Component Designator: Old Designator=C11 New Designator=C8
Change Component Designator: Old Designator=C12 New Designator=C3
Change Component Designator: Old Designator=C12 New Designator=C9
Change Component Designator: Old Designator=C13 New Designator=C4
Change Component Designator: Old Designator=C13 New Designator=C5
Change Component Designator: Old Designator=C13 New Designator=C6
Change Component Designator: Old Designator=C13 New Designator=C10
Change Component Designator: Old Designator=C14 New Designator=C11
Change Component Designator: Old Designator=C15 New Designator=C12
Change Component Designator: Old Designator=D9 New Designator=D1
Change Component Designator: Old Designator=D9 New Designator=D2
Change Component Designator: Old Designator=D10 New Designator=D3
Change Component Designator: Old Designator=D11 New Designator=D4
Change Component Designator: Old Designator=J1 New Designator=J2
Change Component Designator: Old Designator=J1 New Designator=J3
Change Component Designator: Old Designator=J1 New Designator=J4
Change Component Designator: Old Designator=J1 New Designator=J5
Change Component Designator: Old Designator=L1 New Designator=L2
Change Component Designator: Old Designator=P? New Designator=P1
Change Component Designator: Old Designator=P? New Designator=P2
Change Component Designator: Old Designator=Q? New Designator=Q1
Change Component Designator: Old Designator=Q? New Designator=Q2
Change Component Designator: Old Designator=R25 New Designator=R1
Change Component Designator: Old Designator=R25 New Designator=R2
Change Component Designator: Old Designator=R25 New Designator=R3
Change Component Designator: Old Designator=R25 New Designator=R4
Change Component Designator: Old Designator=R25 New Designator=R5
Change Component Designator: Old Designator=R25 New Designator=R6
Change Component Designator: Old Designator=R25 New Designator=R7
Change Component Designator: Old Designator=R25 New Designator=R8
Change Component Designator: Old Designator=R25 New Designator=R9
Change Component Designator: Old Designator=R26 New Designator=R10
Change Component Designator: Old Designator=Relay? New Designator=Relay1
Change Component Designator: Old Designator=U8 New Designator=U4
Change Component Designator: Old Designator=U9 New Designator=U1
Change Component Designator: Old Designator=U9 New Designator=U5
Change Component Designator: Old Designator=U? New Designator=U2
Change Component Designator: Old Designator=U? New Designator=U3
Change Component Designator: Old Designator=VR? New Designator=VR1
